<?xml version="1.0" encoding="UTF-8"?>
<testng-results skipped="0" failed="1" ignored="0" total="1" passed="0">
  <reporter-output>
    <line>
      <![CDATA[------------Started Suite execution-----------]]>
    </line>
    <line>
      <![CDATA[---------- Started Execution of USer story--------]]>
    </line>
    <line>
      <![CDATA[---------- Ended Execution of USer story--------]]>
    </line>
    <line>
      <![CDATA[------------Ended Suite execution-------------]]>
    </line>
  </reporter-output>
  <suite name="Default suite" duration-ms="162661" started-at="2018-06-02T17:39:46Z" finished-at="2018-06-02T17:42:29Z">
    <groups>
    </groups>
    <test name="Default test" duration-ms="162661" started-at="2018-06-02T17:39:46Z" finished-at="2018-06-02T17:42:29Z">
      <class name="com.clusters.test.smoke.TestLoginS13879">
        <test-method status="PASS" signature="beforeSuite()[pri:0, instance:com.clusters.test.smoke.TestLoginS13879@26be92ad]" name="beforeSuite" is-config="true" duration-ms="41" started-at="2018-06-02T17:39:46Z" finished-at="2018-06-02T17:39:46Z">
          <reporter-output>
            <line>
              <![CDATA[------------Started Suite execution-----------]]>
            </line>
          </reporter-output>
        </test-method> <!-- beforeSuite -->
        <test-method status="PASS" signature="beforeClass()[pri:0, instance:com.clusters.test.smoke.TestLoginS13879@26be92ad]" name="beforeClass" is-config="true" duration-ms="1" started-at="2018-06-02T17:39:46Z" finished-at="2018-06-02T17:39:46Z">
          <reporter-output>
            <line>
              <![CDATA[---------- Started Execution of USer story--------]]>
            </line>
          </reporter-output>
        </test-method> <!-- beforeClass -->
        <test-method status="PASS" signature="preCOndition()[pri:0, instance:com.clusters.test.smoke.TestLoginS13879@26be92ad]" name="preCOndition" is-config="true" duration-ms="127186" started-at="2018-06-02T17:39:46Z" finished-at="2018-06-02T17:41:53Z">
          <reporter-output>
          </reporter-output>
        </test-method> <!-- preCOndition -->
        <test-method status="FAIL" signature="testLoginInvalidTC18965()[pri:0, instance:com.clusters.test.smoke.TestLoginS13879@26be92ad]" name="testLoginInvalidTC18965" duration-ms="31712" started-at="2018-06-02T17:41:53Z" finished-at="2018-06-02T17:42:25Z">
          <exception class="org.openqa.selenium.TimeoutException">
            <message>
              <![CDATA[Expected condition failed: waiting for visibility of element located by By.name: LoginForm (tried for 20 second(s) with 500 MILLISECONDS interval)]]>
            </message>
            <full-stacktrace>
              <![CDATA[org.openqa.selenium.TimeoutException: Expected condition failed: waiting for visibility of element located by By.name: LoginForm (tried for 20 second(s) with 500 MILLISECONDS interval)
at org.openqa.selenium.support.ui.WebDriverWait.timeoutException(WebDriverWait.java:82)
at org.openqa.selenium.support.ui.FluentWait.until(FluentWait.java:231)
at com.clusters.ui.repo.LoginPage.waitForLoginPageToLoad(LoginPage.java:37)
at com.clusters.test.smoke.TestLoginS13879.testLoginInvalidTC18965(TestLoginS13879.java:28)
at sun.reflect.NativeMethodAccessorImpl.invoke0(Native Method)
at sun.reflect.NativeMethodAccessorImpl.invoke(Unknown Source)
at sun.reflect.DelegatingMethodAccessorImpl.invoke(Unknown Source)
at java.lang.reflect.Method.invoke(Unknown Source)
at org.testng.internal.MethodInvocationHelper.invokeMethod(MethodInvocationHelper.java:124)
at org.testng.internal.Invoker.invokeMethod(Invoker.java:580)
at org.testng.internal.Invoker.invokeTestMethod(Invoker.java:716)
at org.testng.internal.Invoker.invokeTestMethods(Invoker.java:988)
at org.testng.internal.TestMethodWorker.invokeTestMethods(TestMethodWorker.java:125)
at org.testng.internal.TestMethodWorker.run(TestMethodWorker.java:109)
at org.testng.TestRunner.privateRun(TestRunner.java:648)
at org.testng.TestRunner.run(TestRunner.java:505)
at org.testng.SuiteRunner.runTest(SuiteRunner.java:455)
at org.testng.SuiteRunner.runSequentially(SuiteRunner.java:450)
at org.testng.SuiteRunner.privateRun(SuiteRunner.java:415)
at org.testng.SuiteRunner.run(SuiteRunner.java:364)
at org.testng.SuiteRunnerWorker.runSuite(SuiteRunnerWorker.java:52)
at org.testng.SuiteRunnerWorker.run(SuiteRunnerWorker.java:84)
at org.testng.TestNG.runSuitesSequentially(TestNG.java:1208)
at org.testng.TestNG.runSuitesLocally(TestNG.java:1137)
at org.testng.TestNG.runSuites(TestNG.java:1049)
at org.testng.TestNG.run(TestNG.java:1017)
at org.testng.remote.AbstractRemoteTestNG.run(AbstractRemoteTestNG.java:114)
at org.testng.remote.RemoteTestNG.initAndRun(RemoteTestNG.java:251)
at org.testng.remote.RemoteTestNG.main(RemoteTestNG.java:77)
Caused by: org.openqa.selenium.NoSuchElementException: Cannot locate an element using By.name: LoginForm
For documentation on this error, please visit: http://seleniumhq.org/exceptions/no_such_element.html
Build info: version: '3.7.1', revision: '8a0099a', time: '2017-11-06T21:07:31.527Z'
System info: host: 'VKR-PC', ip: '192.168.0.29', os.name: 'Windows 7', os.arch: 'amd64', os.version: '6.1', java.version: '1.8.0_151'
Driver info: driver.version: unknown
at org.openqa.selenium.support.ui.ExpectedConditions.lambda$findElement$0(ExpectedConditions.java:882)
at java.util.Optional.orElseThrow(Unknown Source)
at org.openqa.selenium.support.ui.ExpectedConditions.findElement(ExpectedConditions.java:881)
at org.openqa.selenium.support.ui.ExpectedConditions.access$000(ExpectedConditions.java:43)
at org.openqa.selenium.support.ui.ExpectedConditions$7.apply(ExpectedConditions.java:205)
at org.openqa.selenium.support.ui.ExpectedConditions$7.apply(ExpectedConditions.java:201)
at org.openqa.selenium.support.ui.FluentWait.until(FluentWait.java:208)
... 27 more
]]>
            </full-stacktrace>
          </exception> <!-- org.openqa.selenium.TimeoutException -->
          <reporter-output>
          </reporter-output>
        </test-method> <!-- testLoginInvalidTC18965 -->
        <test-method status="PASS" signature="postCondition()[pri:0, instance:com.clusters.test.smoke.TestLoginS13879@26be92ad]" name="postCondition" is-config="true" duration-ms="3333" started-at="2018-06-02T17:42:25Z" finished-at="2018-06-02T17:42:29Z">
          <reporter-output>
          </reporter-output>
        </test-method> <!-- postCondition -->
        <test-method status="PASS" signature="afterClass()[pri:0, instance:com.clusters.test.smoke.TestLoginS13879@26be92ad]" name="afterClass" is-config="true" duration-ms="1" started-at="2018-06-02T17:42:29Z" finished-at="2018-06-02T17:42:29Z">
          <reporter-output>
            <line>
              <![CDATA[---------- Ended Execution of USer story--------]]>
            </line>
          </reporter-output>
        </test-method> <!-- afterClass -->
        <test-method status="PASS" signature="afterSuite()[pri:0, instance:com.clusters.test.smoke.TestLoginS13879@26be92ad]" name="afterSuite" is-config="true" duration-ms="1" started-at="2018-06-02T17:42:30Z" finished-at="2018-06-02T17:42:30Z">
          <reporter-output>
            <line>
              <![CDATA[------------Ended Suite execution-------------]]>
            </line>
          </reporter-output>
        </test-method> <!-- afterSuite -->
      </class> <!-- com.clusters.test.smoke.TestLoginS13879 -->
    </test> <!-- Default test -->
  </suite> <!-- Default suite -->
</testng-results>
